<?xml version="1.0" encoding="UTF-8"?>
<!-- Generated by org.testng.reporters.JUnitXMLReporter -->
<testsuite hostname="localhost.localdomain" ignored="0" name="SignIn2(failed)" tests="3" failures="1" timestamp="16 Feb 2018 09:11:48 GMT" time="47.944" errors="0">
  <testcase name="@AfterClass tearDown" time="11.039" classname="supportingJavaFiles.BaseClass">
    <failure type="org.openqa.selenium.WebDriverException" message="quit
Build info: version: &amp;apos;3.8.1&amp;apos;, revision: &amp;apos;6e95a6684b&amp;apos;, time: &amp;apos;2017-12-01T19:05:32.194Z&amp;apos;
System info: host: &amp;apos;localhost.localdomain&amp;apos;, ip: &amp;apos;127.0.0.1&amp;apos;, os.name: &amp;apos;Linux&amp;apos;, os.arch: &amp;apos;amd64&amp;apos;, os.version: &amp;apos;3.10.0-514.el7.x86_64&amp;apos;, java.version: &amp;apos;1.8.0_102&amp;apos;
Driver info: org.openqa.selenium.firefox.FirefoxDriver
Capabilities {acceptInsecureCerts: true, browserName: firefox, browserVersion: 52.5.1, javascriptEnabled: true, moz:accessibilityChecks: false, moz:processID: 15230, moz:profile: /tmp/rust_mozprofile.8zUyef..., pageLoadStrategy: normal, platform: LINUX, platformName: LINUX, platformVersion: 3.10.0-514.el7.x86_64, rotatable: false, specificationLevel: 0, timeouts: {implicit: 0, page load: 300000, script: 30000}}
Session ID: 7318baf9-7814-4cd9-ab19-55ae8b4ddc9f">
      <![CDATA[org.openqa.selenium.WebDriverException: quitBuild info: version: '3.8.1', revision: '6e95a6684b', time: '2017-12-01T19:05:32.194Z'System info: host: 'localhost.localdomain', ip: '127.0.0.1', os.name: 'Linux', os.arch: 'amd64', os.version: '3.10.0-514.el7.x86_64', java.version: '1.8.0_102'Driver info: org.openqa.selenium.firefox.FirefoxDriverCapabilities {acceptInsecureCerts: true, browserName: firefox, browserVersion: 52.5.1, javascriptEnabled: true, moz:accessibilityChecks: false, moz:processID: 15230, moz:profile: /tmp/rust_mozprofile.8zUyef..., pageLoadStrategy: normal, platform: LINUX, platformName: LINUX, platformVersion: 3.10.0-514.el7.x86_64, rotatable: false, specificationLevel: 0, timeouts: {implicit: 0, page load: 300000, script: 30000}}Session ID: 7318baf9-7814-4cd9-ab19-55ae8b4ddc9fat org.openqa.selenium.remote.http.W3CHttpResponseCodec.createException(W3CHttpResponseCodec.java:187)at org.openqa.selenium.remote.http.W3CHttpResponseCodec.decode(W3CHttpResponseCodec.java:122)at org.openqa.selenium.remote.http.W3CHttpResponseCodec.decode(W3CHttpResponseCodec.java:49)at org.openqa.selenium.remote.HttpCommandExecutor.execute(HttpCommandExecutor.java:164)at org.openqa.selenium.remote.service.DriverCommandExecutor.execute(DriverCommandExecutor.java:83)at org.openqa.selenium.remote.RemoteWebDriver.execute(RemoteWebDriver.java:601)at org.openqa.selenium.remote.RemoteWebDriver.execute(RemoteWebDriver.java:658)at org.openqa.selenium.remote.RemoteWebDriver.quit(RemoteWebDriver.java:497)at supportingJavaFiles.BaseClass.tearDown(BaseClass.java:94)... Removed 30 stack frames]]>
    </failure>
  </testcase> <!-- @AfterClass tearDown -->
  <testcase name="HomePage" time="24.159" classname="testng_Framework.SignInTest"/>
  <testcase name="openSignInPage" time="3.057" classname="testng_Framework.SignInTest"/>
  <testcase name="signIn" time="7.493" classname="testng_Framework.SignInTest">
    <failure type="java.lang.AssertionError" message="Unable to LogOut expected [true] but found [false]">
      <![CDATA[java.lang.AssertionError: Unable to LogOut expected [true] but found [false]at testng_Framework.SignInTest.signOut(SignInTest.java:79)at testng_Framework.SignInTest.signIn(SignInTest.java:67)... Removed 28 stack frames]]>
    </failure>
  </testcase> <!-- signIn -->
</testsuite> <!-- SignIn2(failed) -->
